  connectionmanager.cpp
c:\users\jun\desktop\cs261\ktwgengine\source\ktwgengine\connectionmanager.cpp(83): warning C4267: 'argument': conversion from 'size_t' to 'int', possible loss of data
c:\users\jun\desktop\cs261\ktwgengine\source\ktwgengine\connectionmanager.cpp(107): warning C4267: 'argument': conversion from 'size_t' to 'int', possible loss of data
c:\users\jun\desktop\cs261\ktwgengine\source\ktwgengine\connectionmanager.cpp(183): warning C4267: 'argument': conversion from 'size_t' to 'int', possible loss of data
c:\users\jun\desktop\cs261\ktwgengine\source\ktwgengine\connectionmanager.cpp(301): warning C4267: 'argument': conversion from 'size_t' to 'int', possible loss of data
c:\users\jun\desktop\cs261\ktwgengine\source\ktwgengine\connectionmanager.cpp(554): warning C4267: 'initializing': conversion from 'size_t' to 'int', possible loss of data
c:\users\jun\desktop\cs261\ktwgengine\source\ktwgengine\connectionmanager.cpp(606): warning C4267: 'argument': conversion from 'size_t' to 'int', possible loss of data
  connectionmanager.h
  gamerenderable.cpp
  gamerenderer.cpp
  imguimanager.cpp
  imgui.cpp
  imgui_demo.cpp
  imgui_draw.cpp
  imgui_widgets.cpp
  main.cpp
c:\program files (x86)\windows kits\10\include\10.0.18362.0\shared\minwindef.h(130): warning C4005: 'APIENTRY': macro redefinition
  c:\users\jun\desktop\cs261\ktwgengine\source\dependencies\glfw\include\glfw\glfw3.h(104): note: see previous definition of 'APIENTRY'
  socketaddress.cpp
  socketaddressfactory.cpp
  socketutility.cpp
  tcpsocket.cpp
c:\users\jun\desktop\cs261\ktwgengine\source\ktwgengine\tcpsocket.cpp(25): warning C4267: 'argument': conversion from 'size_t' to 'int', possible loss of data
c:\users\jun\desktop\cs261\ktwgengine\source\ktwgengine\tcpsocket.cpp(42): warning C4267: 'argument': conversion from 'size_t' to 'int', possible loss of data
  udpsocket.cpp
c:\users\jun\desktop\cs261\ktwgengine\source\ktwgengine\udpsocket.cpp(23): warning C4267: 'argument': conversion from 'size_t' to 'int', possible loss of data
c:\users\jun\desktop\cs261\ktwgengine\source\ktwgengine\udpsocket.cpp(40): warning C4267: 'argument': conversion from 'size_t' to 'int', possible loss of data
c:\users\jun\desktop\cs261\ktwgengine\source\ktwgengine\udpsocket.cpp(58): warning C4267: 'initializing': conversion from 'size_t' to 'int', possible loss of data
  windowmanager.cpp
obj\\x64\Release\connectionmanager.obj : warning LNK4042: object specified more than once; extras ignored
LINK : warning LNK4098: defaultlib 'LIBCMT' conflicts with use of other libs; use /NODEFAULTLIB:library
  Generating code
  All 1574 functions were compiled because no usable IPDB/IOBJ from previous compilation was found.
  Finished generating code
glew32s.lib(glew.obj) : warning LNK4099: PDB 'vc120.pdb' was not found with 'glew32s.lib(glew.obj)' or at 'C:\Users\Jun\Desktop\CS261\ktwgEngine\bin\x64\Release\vc120.pdb'; linking object as if no debug info
  ktwgEngine.vcxproj -> C:\Users\Jun\Desktop\CS261\ktwgEngine\source\\..\bin\x64\Release\ktwgEngine.exe
